<?xml version="1.0" encoding="UTF-8"?>
<!-- Generated by org.testng.reporters.JUnitReportReporter -->
<testsuite hostname="cmk-saurabh-asalkar" failures="0" tests="1" name="pkgCommonFiles.BaseClass" time="4.168" errors="1" timestamp="2022-10-11T11:29:59 IST" skipped="0">
  <testcase classname="pkgCommonFiles.BaseClass" name="launchURL" time="4.168">
    <error message="session not created: This version of ChromeDriver only supports Chrome version 104
Current browser version is 106.0.5249.103 with binary path C:\Program Files (x86)\Google\Chrome\Application\chrome.exe
Build info: version: &#039;3.141.5&#039;, revision: &#039;d54ebd709a&#039;, time: &#039;2018-11-06T11:42:16&#039;
System info: host: &#039;CMK-SAURABH-ASA&#039;, ip: &#039;10.212.5.53&#039;, os.name: &#039;Windows 10&#039;, os.arch: &#039;amd64&#039;, os.version: &#039;10.0&#039;, java.version: &#039;16.0.1&#039;
Driver info: driver.version: ChromeDriver
remote stacktrace: Backtrace:
	Ordinal0 [0x010378B3+2193587]
	Ordinal0 [0x00FD0681+1771137]
	Ordinal0 [0x00EE41A8+803240]
	Ordinal0 [0x00F05CC3+941251]
	Ordinal0 [0x00F013EF+922607]
	Ordinal0 [0x00EFEBC1+912321]
	Ordinal0 [0x00F323B0+1123248]
	Ordinal0 [0x00F3200A+1122314]
	Ordinal0 [0x00F2D5C6+1103302]
	Ordinal0 [0x00F077E0+948192]
	Ordinal0 [0x00F086E6+952038]
	GetHandleVerifier [0x012E0CB2+2738370]
	GetHandleVerifier [0x012D21B8+2678216]
	GetHandleVerifier [0x010C17AA+512954]
	GetHandleVerifier [0x010C0856+509030]
	Ordinal0 [0x00FD743B+1799227]
	Ordinal0 [0x00FDBB68+1817448]
	Ordinal0 [0x00FDBC55+1817685]
	Ordinal0 [0x00FE5230+1856048]
	BaseThreadInitThunk [0x7727FA29+25]
	RtlGetAppContainerNamedObjectPath [0x77C87B5E+286]
	RtlGetAppContainerNamedObjectPath [0x77C87B2E+238]
" type="org.openqa.selenium.SessionNotCreatedException">
      <![CDATA[org.openqa.selenium.SessionNotCreatedException: session not created: This version of ChromeDriver only supports Chrome version 104
Current browser version is 106.0.5249.103 with binary path C:\Program Files (x86)\Google\Chrome\Application\chrome.exe
Build info: version: '3.141.5', revision: 'd54ebd709a', time: '2018-11-06T11:42:16'
System info: host: 'CMK-SAURABH-ASA', ip: '10.212.5.53', os.name: 'Windows 10', os.arch: 'amd64', os.version: '10.0', java.version: '16.0.1'
Driver info: driver.version: ChromeDriver
remote stacktrace: Backtrace:
Ordinal0 [0x010378B3+2193587]
Ordinal0 [0x00FD0681+1771137]
Ordinal0 [0x00EE41A8+803240]
Ordinal0 [0x00F05CC3+941251]
Ordinal0 [0x00F013EF+922607]
Ordinal0 [0x00EFEBC1+912321]
Ordinal0 [0x00F323B0+1123248]
Ordinal0 [0x00F3200A+1122314]
Ordinal0 [0x00F2D5C6+1103302]
Ordinal0 [0x00F077E0+948192]
Ordinal0 [0x00F086E6+952038]
GetHandleVerifier [0x012E0CB2+2738370]
GetHandleVerifier [0x012D21B8+2678216]
GetHandleVerifier [0x010C17AA+512954]
GetHandleVerifier [0x010C0856+509030]
Ordinal0 [0x00FD743B+1799227]
Ordinal0 [0x00FDBB68+1817448]
Ordinal0 [0x00FDBC55+1817685]
Ordinal0 [0x00FE5230+1856048]
BaseThreadInitThunk [0x7727FA29+25]
RtlGetAppContainerNamedObjectPath [0x77C87B5E+286]
RtlGetAppContainerNamedObjectPath [0x77C87B2E+238]

at java.base/jdk.internal.reflect.NativeConstructorAccessorImpl.newInstance0(Native Method)
at java.base/jdk.internal.reflect.NativeConstructorAccessorImpl.newInstance(NativeConstructorAccessorImpl.java:78)
at java.base/jdk.internal.reflect.DelegatingConstructorAccessorImpl.newInstance(DelegatingConstructorAccessorImpl.java:45)
at java.base/java.lang.reflect.Constructor.newInstanceWithCaller(Constructor.java:499)
at java.base/java.lang.reflect.Constructor.newInstance(Constructor.java:480)
at org.openqa.selenium.remote.W3CHandshakeResponse.lambda$errorHandler$0(W3CHandshakeResponse.java:62)
at org.openqa.selenium.remote.HandshakeResponse.lambda$getResponseFunction$0(HandshakeResponse.java:30)
at org.openqa.selenium.remote.ProtocolHandshake.lambda$createSession$0(ProtocolHandshake.java:123)
at java.base/java.util.stream.ReferencePipeline$3$1.accept(ReferencePipeline.java:197)
at java.base/java.util.Spliterators$ArraySpliterator.tryAdvance(Spliterators.java:958)
at java.base/java.util.stream.ReferencePipeline.forEachWithCancel(ReferencePipeline.java:129)
at java.base/java.util.stream.AbstractPipeline.copyIntoWithCancel(AbstractPipeline.java:502)
at java.base/java.util.stream.AbstractPipeline.copyInto(AbstractPipeline.java:488)
at java.base/java.util.stream.AbstractPipeline.wrapAndCopyInto(AbstractPipeline.java:474)
at java.base/java.util.stream.FindOps$FindOp.evaluateSequential(FindOps.java:150)
at java.base/java.util.stream.AbstractPipeline.evaluate(AbstractPipeline.java:234)
at java.base/java.util.stream.ReferencePipeline.findFirst(ReferencePipeline.java:647)
at org.openqa.selenium.remote.ProtocolHandshake.createSession(ProtocolHandshake.java:125)
at org.openqa.selenium.remote.ProtocolHandshake.createSession(ProtocolHandshake.java:74)
at org.openqa.selenium.remote.HttpCommandExecutor.execute(HttpCommandExecutor.java:136)
at org.openqa.selenium.remote.service.DriverCommandExecutor.execute(DriverCommandExecutor.java:83)
at org.openqa.selenium.remote.RemoteWebDriver.execute(RemoteWebDriver.java:552)
at org.openqa.selenium.remote.RemoteWebDriver.startSession(RemoteWebDriver.java:213)
at org.openqa.selenium.remote.RemoteWebDriver.<init>(RemoteWebDriver.java:131)
at org.openqa.selenium.chrome.ChromeDriver.<init>(ChromeDriver.java:181)
at org.openqa.selenium.chrome.ChromeDriver.<init>(ChromeDriver.java:168)
at org.openqa.selenium.chrome.ChromeDriver.<init>(ChromeDriver.java:157)
at pkgSetupFiles.WebDriverSetupFile.setupDriver(WebDriverSetupFile.java:44)
at pkgCommonFiles.BaseClass.launchURL(BaseClass.java:60)
at java.base/jdk.internal.reflect.NativeMethodAccessorImpl.invoke0(Native Method)
at java.base/jdk.internal.reflect.NativeMethodAccessorImpl.invoke(NativeMethodAccessorImpl.java:78)
at java.base/jdk.internal.reflect.DelegatingMethodAccessorImpl.invoke(DelegatingMethodAccessorImpl.java:43)
at java.base/java.lang.reflect.Method.invoke(Method.java:567)
at org.testng.internal.MethodInvocationHelper.invokeMethod(MethodInvocationHelper.java:133)
at org.testng.internal.MethodInvocationHelper.invokeMethodConsideringTimeout(MethodInvocationHelper.java:62)
at org.testng.internal.ConfigInvoker.invokeConfigurationMethod(ConfigInvoker.java:385)
at org.testng.internal.ConfigInvoker.invokeConfigurations(ConfigInvoker.java:321)
at org.testng.SuiteRunner.privateRun(SuiteRunner.java:317)
at org.testng.SuiteRunner.run(SuiteRunner.java:276)
at org.testng.SuiteRunnerWorker.runSuite(SuiteRunnerWorker.java:53)
at org.testng.SuiteRunnerWorker.run(SuiteRunnerWorker.java:96)
at org.testng.TestNG.runSuitesSequentially(TestNG.java:1212)
at org.testng.TestNG.runSuitesLocally(TestNG.java:1134)
at org.testng.TestNG.runSuites(TestNG.java:1063)
at org.testng.TestNG.run(TestNG.java:1031)
at org.testng.remote.AbstractRemoteTestNG.run(AbstractRemoteTestNG.java:115)
at org.testng.remote.RemoteTestNG.initAndRun(RemoteTestNG.java:251)
at org.testng.remote.RemoteTestNG.main(RemoteTestNG.java:77)
]]>
    </error>
  </testcase> <!-- launchURL -->
  <system-out/>
</testsuite> <!-- pkgCommonFiles.BaseClass -->
